<?xml version="1.0" encoding="UTF-8"?>
<testng-results ignored="0" total="1" passed="1" failed="0" skipped="0">
  <reporter-output>
  </reporter-output>
  <suite started-at="2021-05-07T16:29:44 IST" name="Default suite" finished-at="2021-05-07T16:30:05 IST" duration-ms="21553">
    <groups>
    </groups>
    <test started-at="2021-05-07T16:29:44 IST" name="Default test" finished-at="2021-05-07T16:30:05 IST" duration-ms="21553">
      <class name="testCases.Test5">
        <test-method is-config="true" signature="beforeMethod()[pri:0, instance:testCases.Test5@3aefe5e5]" started-at="2021-05-07T16:29:44 IST" name="beforeMethod" finished-at="2021-05-07T16:29:54 IST" duration-ms="9796" status="PASS">
          <reporter-output>
          </reporter-output>
        </test-method> <!-- beforeMethod -->
        <test-method signature="test()[pri:0, instance:testCases.Test5@3aefe5e5]" started-at="2021-05-07T16:29:54 IST" name="test" finished-at="2021-05-07T16:30:04 IST" duration-ms="10376" status="PASS">
          <reporter-output>
          </reporter-output>
        </test-method> <!-- test -->
        <test-method is-config="true" signature="afterMethod()[pri:0, instance:testCases.Test5@3aefe5e5]" started-at="2021-05-07T16:30:04 IST" name="afterMethod" finished-at="2021-05-07T16:30:05 IST" duration-ms="1328" status="PASS">
          <reporter-output>
          </reporter-output>
        </test-method> <!-- afterMethod -->
      </class> <!-- testCases.Test5 -->
    </test> <!-- Default test -->
  </suite> <!-- Default suite -->
</testng-results>
